YOLOv5 🚀 2023-5-5 Python-3.8.16 torch-1.8.1+cu102 CUDA:0 (Quadro RTX 8000, 48593MiB)

Fusing layers... 
Model summary: 157 layers, 1768636 parameters, 0 gradients, 4.2 GFLOPs
Adding AutoShape... 
Selecting rows from device table using cursor.fetchall
Got device info from DB
YOLOv5 🚀 2023-5-5 Python-3.8.16 torch-1.8.1+cu102 CUDA:0 (Quadro RTX 8000, 48593MiB)

YOLOv5 🚀 2023-5-5 Python-3.8.16 torch-1.8.1+cu102 CUDA:0 (Quadro RTX 8000, 48593MiB)

YOLOv5 🚀 2023-5-5 Python-3.8.16 torch-1.8.1+cu102 CUDA:0 (Quadro RTX 8000, 48593MiB)

YOLOv5 🚀 2023-5-5 Python-3.8.16 torch-1.8.1+cu102 CUDA:0 (Quadro RTX 8000, 48593MiB)

YOLOv5 🚀 2023-5-5 Python-3.8.16 torch-1.8.1+cu102 CUDA:0 (Quadro RTX 8000, 48593MiB)

YOLOv5 🚀 2023-5-5 Python-3.8.16 torch-1.8.1+cu102 CUDA:0 (Quadro RTX 8000, 48593MiB)

Fusing layers... 
Model summary: 157 layers, 1768636 parameters, 0 gradients, 4.2 GFLOPs
Adding AutoShape... 
Fusing layers... 
Fusing layers... 
Model summary: 157 layers, 1768636 parameters, 0 gradients, 4.2 GFLOPs
Adding AutoShape... 
Fusing layers... 
Model summary: 157 layers, 1768636 parameters, 0 gradients, 4.2 GFLOPs
Fusing layers... 
Adding AutoShape... 
Fusing layers... 
Loading weights from ./yolo_slowfast/deep_sort/deep_sort/deep/checkpoint/ckpt.t7... Done!
Model summary: 157 layers, 1768636 parameters, 0 gradients, 4.2 GFLOPs
Model summary: 157 layers, 1768636 parameters, 0 gradients, 4.2 GFLOPs
Adding AutoShape... 
Adding AutoShape... 
Loading weights from ./yolo_slowfast/deep_sort/deep_sort/deep/checkpoint/ckpt.t7... Done!
Model summary: 157 layers, 1768636 parameters, 0 gradients, 4.2 GFLOPs
Adding AutoShape... 
Loading weights from ./yolo_slowfast/deep_sort/deep_sort/deep/checkpoint/ckpt.t7... Done!
Loading weights from ./yolo_slowfast/deep_sort/deep_sort/deep/checkpoint/ckpt.t7... Done!
Loading weights from ./yolo_slowfast/deep_sort/deep_sort/deep/checkpoint/ckpt.t7... Done!
Loading weights from ./yolo_slowfast/deep_sort/deep_sort/deep/checkpoint/ckpt.t7... Done!
Loading weights from ./yolo_slowfast/deep_sort/deep_sort/deep/checkpoint/ckpt.t7... Done!
Loading weights from ./yolo_slowfast/deep_sort/deep_sort/deep/checkpoint/ckpt.t7... Done!
Loading weights from ./yolo_slowfast/deep_sort/deep_sort/deep/checkpoint/ckpt.t7... Done!
Loading weights from ./yolo_slowfast/deep_sort/deep_sort/deep/checkpoint/ckpt.t7... Done!
Loading weights from ./yolo_slowfast/deep_sort/deep_sort/deep/checkpoint/ckpt.t7... Done!
sys:1: Warning: ../gobject/gsignal.c:2772: instance '0x56032224c4e0' has no handler with id '196'
sys:1: Warning: ../gobject/gsignal.c:2772: instance '0x56032224c4e0' has no handler with id '195'
Loading weights from ./yolo_slowfast/deep_sort/deep_sort/deep/checkpoint/ckpt.t7... Done!
Loading weights from ./yolo_slowfast/deep_sort/deep_sort/deep/checkpoint/ckpt.t7... Done!
Loading weights from ./yolo_slowfast/deep_sort/deep_sort/deep/checkpoint/ckpt.t7... Done!
Loading weights from ./yolo_slowfast/deep_sort/deep_sort/deep/checkpoint/ckpt.t7... Done!
Loading weights from ./yolo_slowfast/deep_sort/deep_sort/deep/checkpoint/ckpt.t7... Done!
Loading weights from ./yolo_slowfast/deep_sort/deep_sort/deep/checkpoint/ckpt.t7... Done!
Loading weights from ./yolo_slowfast/deep_sort/deep_sort/deep/checkpoint/ckpt.t7... Done!
Loading weights from ./yolo_slowfast/deep_sort/deep_sort/deep/checkpoint/ckpt.t7... Done!
Loading weights from ./yolo_slowfast/deep_sort/deep_sort/deep/checkpoint/ckpt.t7... Done!
Loading weights from ./yolo_slowfast/deep_sort/deep_sort/deep/checkpoint/ckpt.t7... Done!
Loading weights from ./yolo_slowfast/deep_sort/deep_sort/deep/checkpoint/ckpt.t7... Done!
Loading weights from ./yolo_slowfast/deep_sort/deep_sort/deep/checkpoint/ckpt.t7... Done!
Loading weights from ./yolo_slowfast/deep_sort/deep_sort/deep/checkpoint/ckpt.t7... Done!
Loading weights from ./yolo_slowfast/deep_sort/deep_sort/deep/checkpoint/ckpt.t7... Done!
Loading weights from ./yolo_slowfast/deep_sort/deep_sort/deep/checkpoint/ckpt.t7... Done!
sys:1: Warning: ../gobject/gsignal.c:2772: instance '0x562f7b115960' has no handler with id '292'
sys:1: Warning: ../gobject/gsignal.c:2772: instance '0x562f7b115960' has no handler with id '291'
Loading weights from ./yolo_slowfast/deep_sort/deep_sort/deep/checkpoint/ckpt.t7... Done!
Loading weights from ./yolo_slowfast/deep_sort/deep_sort/deep/checkpoint/ckpt.t7... Done!
Loading weights from ./yolo_slowfast/deep_sort/deep_sort/deep/checkpoint/ckpt.t7... Done!
Loading weights from ./yolo_slowfast/deep_sort/deep_sort/deep/checkpoint/ckpt.t7... Done!
